<?xml version="1.0" encoding="UTF-8"?>
<testsuite xmlns:xsi="http://www.w3.org/2001/XMLSchema-instance" xsi:noNamespaceSchemaLocation="https://maven.apache.org/surefire/maven-surefire-plugin/xsd/surefire-test-report-3.0.xsd" version="3.0" name="org.droolsv1.RuleTest" time="0.989" tests="1" errors="0" skipped="0" failures="0">
  <properties>
    <property name="java.specification.version" value="17"/>
    <property name="sun.jnu.encoding" value="UTF-8"/>
    <property name="java.class.path" value="/workspaces/Drools_VT1.0/droolv1/target/test-classes:/workspaces/Drools_VT1.0/droolv1/target/classes:/home/codespace/.m2/repository/org/drools/drools-ruleunits-engine/8.38.0.Final/drools-ruleunits-engine-8.38.0.Final.jar:/home/codespace/.m2/repository/org/drools/drools-ruleunits-dsl/8.38.0.Final/drools-ruleunits-dsl-8.38.0.Final.jar:/home/codespace/.m2/repository/org/drools/drools-canonical-model/8.38.0.Final/drools-canonical-model-8.38.0.Final.jar:/home/codespace/.m2/repository/org/drools/drools-model-compiler/8.38.0.Final/drools-model-compiler-8.38.0.Final.jar:/home/codespace/.m2/repository/org/kie/kie-api/8.38.0.Final/kie-api-8.38.0.Final.jar:/home/codespace/.m2/repository/org/kie/kie-internal/8.38.0.Final/kie-internal-8.38.0.Final.jar:/home/codespace/.m2/repository/org/kie/kie-util-maven-support/8.38.0.Final/kie-util-maven-support-8.38.0.Final.jar:/home/codespace/.m2/repository/org/drools/drools-wiring-api/8.38.0.Final/drools-wiring-api-8.38.0.Final.jar:/home/codespace/.m2/repository/org/kie/kie-memory-compiler/8.38.0.Final/kie-memory-compiler-8.38.0.Final.jar:/home/codespace/.m2/repository/org/drools/drools-core/8.38.0.Final/drools-core-8.38.0.Final.jar:/home/codespace/.m2/repository/org/kie/kie-util-xml/8.38.0.Final/kie-util-xml-8.38.0.Final.jar:/home/codespace/.m2/repository/org/drools/drools-wiring-static/8.38.0.Final/drools-wiring-static-8.38.0.Final.jar:/home/codespace/.m2/repository/org/drools/drools-io/8.38.0.Final/drools-io-8.38.0.Final.jar:/home/codespace/.m2/repository/commons-codec/commons-codec/1.15/commons-codec-1.15.jar:/home/codespace/.m2/repository/org/drools/drools-compiler/8.38.0.Final/drools-compiler-8.38.0.Final.jar:/home/codespace/.m2/repository/org/drools/drools-drl-parser/8.38.0.Final/drools-drl-parser-8.38.0.Final.jar:/home/codespace/.m2/repository/org/drools/drools-drl-extensions/8.38.0.Final/drools-drl-extensions-8.38.0.Final.jar:/home/codespace/.m2/repository/org/drools/drools-drl-ast/8.38.0.Final/drools-drl-ast-8.38.0.Final.jar:/home/codespace/.m2/repository/org/drools/drools-kiesession/8.38.0.Final/drools-kiesession-8.38.0.Final.jar:/home/codespace/.m2/repository/org/drools/drools-ecj/8.38.0.Final/drools-ecj-8.38.0.Final.jar:/home/codespace/.m2/repository/org/antlr/antlr-runtime/3.5.2/antlr-runtime-3.5.2.jar:/home/codespace/.m2/repository/org/drools/drools-ruleunits-impl/8.38.0.Final/drools-ruleunits-impl-8.38.0.Final.jar:/home/codespace/.m2/repository/org/drools/drools-ruleunits-api/8.38.0.Final/drools-ruleunits-api-8.38.0.Final.jar:/home/codespace/.m2/repository/org/drools/drools-model-codegen/8.38.0.Final/drools-model-codegen-8.38.0.Final.jar:/home/codespace/.m2/repository/org/drools/drools-util/8.38.0.Final/drools-util-8.38.0.Final.jar:/home/codespace/.m2/repository/org/drools/drools-codegen-common/8.38.0.Final/drools-codegen-common-8.38.0.Final.jar:/home/codespace/.m2/repository/com/github/javaparser/javaparser-core/3.24.2/javaparser-core-3.24.2.jar:/home/codespace/.m2/repository/org/drools/drools-mvel-parser/8.38.0.Final/drools-mvel-parser-8.38.0.Final.jar:/home/codespace/.m2/repository/org/drools/drools-mvel-compiler/8.38.0.Final/drools-mvel-compiler-8.38.0.Final.jar:/home/codespace/.m2/repository/org/slf4j/slf4j-api/1.7.30/slf4j-api-1.7.30.jar:/home/codespace/.m2/repository/junit/junit/4.13.1/junit-4.13.1.jar:/home/codespace/.m2/repository/org/hamcrest/hamcrest-core/1.3/hamcrest-core-1.3.jar:/home/codespace/.m2/repository/ch/qos/logback/logback-classic/1.2.9/logback-classic-1.2.9.jar:/home/codespace/.m2/repository/ch/qos/logback/logback-core/1.2.9/logback-core-1.2.9.jar:"/>
    <property name="java.vm.vendor" value="Microsoft"/>
    <property name="sun.arch.data.model" value="64"/>
    <property name="java.vendor.url" value="https://www.microsoft.com"/>
    <property name="os.name" value="Linux"/>
    <property name="java.vm.specification.version" value="17"/>
    <property name="sun.java.launcher" value="SUN_STANDARD"/>
    <property name="sun.boot.library.path" value="/usr/local/sdkman/candidates/java/17.0.7-ms/lib"/>
    <property name="sun.java.command" value="/workspaces/Drools_VT1.0/droolv1/target/surefire/surefirebooter-20230506095513843_3.jar /workspaces/Drools_VT1.0/droolv1/target/surefire 2023-05-06T09-55-13_574-jvmRun1 surefire-20230506095513843_1tmp surefire_0-20230506095513843_2tmp"/>
    <property name="jdk.debug" value="release"/>
    <property name="surefire.test.class.path" value="/workspaces/Drools_VT1.0/droolv1/target/test-classes:/workspaces/Drools_VT1.0/droolv1/target/classes:/home/codespace/.m2/repository/org/drools/drools-ruleunits-engine/8.38.0.Final/drools-ruleunits-engine-8.38.0.Final.jar:/home/codespace/.m2/repository/org/drools/drools-ruleunits-dsl/8.38.0.Final/drools-ruleunits-dsl-8.38.0.Final.jar:/home/codespace/.m2/repository/org/drools/drools-canonical-model/8.38.0.Final/drools-canonical-model-8.38.0.Final.jar:/home/codespace/.m2/repository/org/drools/drools-model-compiler/8.38.0.Final/drools-model-compiler-8.38.0.Final.jar:/home/codespace/.m2/repository/org/kie/kie-api/8.38.0.Final/kie-api-8.38.0.Final.jar:/home/codespace/.m2/repository/org/kie/kie-internal/8.38.0.Final/kie-internal-8.38.0.Final.jar:/home/codespace/.m2/repository/org/kie/kie-util-maven-support/8.38.0.Final/kie-util-maven-support-8.38.0.Final.jar:/home/codespace/.m2/repository/org/drools/drools-wiring-api/8.38.0.Final/drools-wiring-api-8.38.0.Final.jar:/home/codespace/.m2/repository/org/kie/kie-memory-compiler/8.38.0.Final/kie-memory-compiler-8.38.0.Final.jar:/home/codespace/.m2/repository/org/drools/drools-core/8.38.0.Final/drools-core-8.38.0.Final.jar:/home/codespace/.m2/repository/org/kie/kie-util-xml/8.38.0.Final/kie-util-xml-8.38.0.Final.jar:/home/codespace/.m2/repository/org/drools/drools-wiring-static/8.38.0.Final/drools-wiring-static-8.38.0.Final.jar:/home/codespace/.m2/repository/org/drools/drools-io/8.38.0.Final/drools-io-8.38.0.Final.jar:/home/codespace/.m2/repository/commons-codec/commons-codec/1.15/commons-codec-1.15.jar:/home/codespace/.m2/repository/org/drools/drools-compiler/8.38.0.Final/drools-compiler-8.38.0.Final.jar:/home/codespace/.m2/repository/org/drools/drools-drl-parser/8.38.0.Final/drools-drl-parser-8.38.0.Final.jar:/home/codespace/.m2/repository/org/drools/drools-drl-extensions/8.38.0.Final/drools-drl-extensions-8.38.0.Final.jar:/home/codespace/.m2/repository/org/drools/drools-drl-ast/8.38.0.Final/drools-drl-ast-8.38.0.Final.jar:/home/codespace/.m2/repository/org/drools/drools-kiesession/8.38.0.Final/drools-kiesession-8.38.0.Final.jar:/home/codespace/.m2/repository/org/drools/drools-ecj/8.38.0.Final/drools-ecj-8.38.0.Final.jar:/home/codespace/.m2/repository/org/antlr/antlr-runtime/3.5.2/antlr-runtime-3.5.2.jar:/home/codespace/.m2/repository/org/drools/drools-ruleunits-impl/8.38.0.Final/drools-ruleunits-impl-8.38.0.Final.jar:/home/codespace/.m2/repository/org/drools/drools-ruleunits-api/8.38.0.Final/drools-ruleunits-api-8.38.0.Final.jar:/home/codespace/.m2/repository/org/drools/drools-model-codegen/8.38.0.Final/drools-model-codegen-8.38.0.Final.jar:/home/codespace/.m2/repository/org/drools/drools-util/8.38.0.Final/drools-util-8.38.0.Final.jar:/home/codespace/.m2/repository/org/drools/drools-codegen-common/8.38.0.Final/drools-codegen-common-8.38.0.Final.jar:/home/codespace/.m2/repository/com/github/javaparser/javaparser-core/3.24.2/javaparser-core-3.24.2.jar:/home/codespace/.m2/repository/org/drools/drools-mvel-parser/8.38.0.Final/drools-mvel-parser-8.38.0.Final.jar:/home/codespace/.m2/repository/org/drools/drools-mvel-compiler/8.38.0.Final/drools-mvel-compiler-8.38.0.Final.jar:/home/codespace/.m2/repository/org/slf4j/slf4j-api/1.7.30/slf4j-api-1.7.30.jar:/home/codespace/.m2/repository/junit/junit/4.13.1/junit-4.13.1.jar:/home/codespace/.m2/repository/org/hamcrest/hamcrest-core/1.3/hamcrest-core-1.3.jar:/home/codespace/.m2/repository/ch/qos/logback/logback-classic/1.2.9/logback-classic-1.2.9.jar:/home/codespace/.m2/repository/ch/qos/logback/logback-core/1.2.9/logback-core-1.2.9.jar:"/>
    <property name="sun.cpu.endian" value="little"/>
    <property name="user.home" value="/home/codespace"/>
    <property name="user.language" value="en"/>
    <property name="java.specification.vendor" value="Oracle Corporation"/>
    <property name="java.version.date" value="2023-04-18"/>
    <property name="java.home" value="/usr/local/sdkman/candidates/java/17.0.7-ms"/>
    <property name="file.separator" value="/"/>
    <property name="basedir" value="/workspaces/Drools_VT1.0/droolv1"/>
    <property name="java.vm.compressedOopsMode" value="32-bit"/>
    <property name="line.separator" value="&#10;"/>
    <property name="java.vm.specification.vendor" value="Oracle Corporation"/>
    <property name="java.specification.name" value="Java Platform API Specification"/>
    <property name="surefire.real.class.path" value="/workspaces/Drools_VT1.0/droolv1/target/surefire/surefirebooter-20230506095513843_3.jar"/>
    <property name="sun.management.compiler" value="HotSpot 64-Bit Tiered Compilers"/>
    <property name="java.runtime.version" value="17.0.7+7-LTS"/>
    <property name="user.name" value="codespace"/>
    <property name="path.separator" value=":"/>
    <property name="os.version" value="5.4.0-1106-azure"/>
    <property name="java.runtime.name" value="OpenJDK Runtime Environment"/>
    <property name="file.encoding" value="UTF-8"/>
    <property name="java.vm.name" value="OpenJDK 64-Bit Server VM"/>
    <property name="java.vendor.version" value="Microsoft-7626293"/>
    <property name="localRepository" value="/home/codespace/.m2/repository"/>
    <property name="java.vendor.url.bug" value="https://github.com/microsoft/openjdk/issues"/>
    <property name="java.io.tmpdir" value="/tmp"/>
    <property name="java.version" value="17.0.7"/>
    <property name="user.dir" value="/workspaces/Drools_VT1.0/droolv1"/>
    <property name="os.arch" value="amd64"/>
    <property name="java.vm.specification.name" value="Java Virtual Machine Specification"/>
    <property name="native.encoding" value="UTF-8"/>
    <property name="java.library.path" value="/usr/java/packages/lib:/usr/lib64:/lib64:/lib:/usr/lib"/>
    <property name="java.vm.info" value="mixed mode, sharing"/>
    <property name="java.vendor" value="Microsoft"/>
    <property name="java.vm.version" value="17.0.7+7-LTS"/>
    <property name="sun.io.unicode.encoding" value="UnicodeLittle"/>
    <property name="java.class.version" value="61.0"/>
  </properties>
  <testcase name="test" classname="org.droolsv1.RuleTest" time="0.9">
    <system-out><![CDATA[2023-05-06 09:55:15,233 [main] INFO  Creating RuleUnit
2023-05-06 09:55:15,554 [main] INFO  Insert data
2023-05-06 09:55:15,563 [main] INFO  Run query. Rules are also fired
]]></system-out>
  </testcase>
</testsuite>